{
  "stats": {
    "suites": 1,
    "tests": 5,
    "passes": 5,
    "pending": 0,
    "failures": 0,
    "start": "2023-11-17T00:27:04.477Z",
    "end": "2023-11-17T00:27:12.337Z",
    "duration": 7860,
    "testsRegistered": 5,
    "passPercent": 100,
    "pendingPercent": 0,
    "other": 0,
    "hasOther": false,
    "skipped": 0,
    "hasSkipped": false
  },
  "results": [
    {
      "uuid": "cc9e5c26-93f6-4015-b5c8-d10bab096146",
      "title": "",
      "fullFile": "cypress\\e2e\\api.cy.js",
      "file": "cypress\\e2e\\api.cy.js",
      "beforeHooks": [],
      "afterHooks": [],
      "tests": [],
      "suites": [
        {
          "uuid": "16b4fe01-d07e-49e0-877c-7f2ece20879b",
          "title": "CRUD - Produtos",
          "fullFile": "",
          "file": "",
          "beforeHooks": [],
          "afterHooks": [],
          "tests": [
            {
              "title": "Deve cadastrar produto com sucesso",
              "fullTitle": "CRUD - Produtos Deve cadastrar produto com sucesso",
              "timedOut": null,
              "duration": 1404,
              "state": "passed",
              "speed": "fast",
              "pass": true,
              "fail": false,
              "pending": false,
              "context": null,
              "code": "cy.postProduto(produto).then(res => {\n  validateMessage(res, 'Cadastro realizado com sucesso', 201);\n  Cypress.env('produtoId', res.body._id);\n});",
              "err": {},
              "uuid": "fc7bece5-4e34-4ff1-a7e4-f271f0449f1e",
              "parentUUID": "16b4fe01-d07e-49e0-877c-7f2ece20879b",
              "isHook": false,
              "skipped": false
            },
            {
              "title": "Deve listar produto pelo Id",
              "fullTitle": "CRUD - Produtos Deve listar produto pelo Id",
              "timedOut": null,
              "duration": 1260,
              "state": "passed",
              "speed": "fast",
              "pass": true,
              "fail": false,
              "pending": false,
              "context": null,
              "code": "cy.listProdutoId().then(res => {\n  validateProductDetails(res.body, produto);\n  expect(res.body._id).to.eql(Cypress.env('produtoId'));\n});",
              "err": {},
              "uuid": "d1817ab5-18a7-44ad-b16a-b89587335d0d",
              "parentUUID": "16b4fe01-d07e-49e0-877c-7f2ece20879b",
              "isHook": false,
              "skipped": false
            },
            {
              "title": "Deve listar produtos",
              "fullTitle": "CRUD - Produtos Deve listar produtos",
              "timedOut": null,
              "duration": 1215,
              "state": "passed",
              "speed": "fast",
              "pass": true,
              "fail": false,
              "pending": false,
              "context": null,
              "code": "cy.listProdutos().then(res => {\n  expect(res.status).to.eql(200);\n});",
              "err": {},
              "uuid": "45ff17ab-a8d4-49ac-a82b-4a6a803c4699",
              "parentUUID": "16b4fe01-d07e-49e0-877c-7f2ece20879b",
              "isHook": false,
              "skipped": false
            },
            {
              "title": "Deve editar produto",
              "fullTitle": "CRUD - Produtos Deve editar produto",
              "timedOut": null,
              "duration": 1795,
              "state": "passed",
              "speed": "fast",
              "pass": true,
              "fail": false,
              "pending": false,
              "context": null,
              "code": "cy.putProduto(produto).then(res => {\n  validateMessage(res, 'Registro alterado com sucesso');\n});\ncy.log('Consultando produto pelo Id');\ncy.listProdutoId().then(res => {\n  validateProductDetails(res.body, _objectSpread(_objectSpread({}, produto), {}, {\n    nome: produto.putNome\n  }));\n  expect(res.body._id).to.eql(Cypress.env('produtoId'));\n});",
              "err": {},
              "uuid": "e57ee458-efb8-4104-8eb3-daa93dfa978b",
              "parentUUID": "16b4fe01-d07e-49e0-877c-7f2ece20879b",
              "isHook": false,
              "skipped": false
            },
            {
              "title": "Deve excluir produto",
              "fullTitle": "CRUD - Produtos Deve excluir produto",
              "timedOut": null,
              "duration": 1885,
              "state": "passed",
              "speed": "fast",
              "pass": true,
              "fail": false,
              "pending": false,
              "context": null,
              "code": "cy.deleteProduto().then(res => {\n  validateMessage(res, 'Registro excluído com sucesso');\n});\ncy.log('Validando que o produto foi excluído, consultando pelo ID');\ncy.listProdutoId(false).then(res => {\n  validateMessage(res, 'Produto não encontrado', 400);\n});",
              "err": {},
              "uuid": "a130e8e7-ab20-4cff-b79d-a6e2189a497e",
              "parentUUID": "16b4fe01-d07e-49e0-877c-7f2ece20879b",
              "isHook": false,
              "skipped": false
            }
          ],
          "suites": [],
          "passes": [
            "fc7bece5-4e34-4ff1-a7e4-f271f0449f1e",
            "d1817ab5-18a7-44ad-b16a-b89587335d0d",
            "45ff17ab-a8d4-49ac-a82b-4a6a803c4699",
            "e57ee458-efb8-4104-8eb3-daa93dfa978b",
            "a130e8e7-ab20-4cff-b79d-a6e2189a497e"
          ],
          "failures": [],
          "pending": [],
          "skipped": [],
          "duration": 7559,
          "root": false,
          "rootEmpty": false,
          "_timeout": 2000
        }
      ],
      "passes": [],
      "failures": [],
      "pending": [],
      "skipped": [],
      "duration": 0,
      "root": true,
      "rootEmpty": true,
      "_timeout": 2000
    }
  ],
  "meta": {
    "mocha": {
      "version": "7.0.1"
    },
    "mochawesome": {
      "options": {
        "quiet": true,
        "reportFilename": "mochawesome",
        "saveHtml": false,
        "saveJson": true,
        "consoleReporter": "spec",
        "useInlineDiffs": false,
        "code": true
      },
      "version": "7.1.3"
    },
    "marge": {
      "options": {
        "id": "default",
        "reportDir": "cypress/results/json",
        "quiet": true,
        "overwrite": false,
        "html": false,
        "json": true,
        "video": true,
        "videosFolder": "cypress/results/videos"
      },
      "version": "6.2.0"
    }
  }
}